12:19:41.622 [JettyServerThreadPool-52] INFO  d.s.controllers.SecurityController - User verified: UserDTO(username=UserSander, password=null, roles=[USER])
12:19:41.628 [JettyServerThreadPool-52] INFO  d.s.controllers.SecurityController - User verified: UserDTO(username=UserSander, password=null, roles=[USER])
12:22:00.328 [JettyServerThreadPool-22] INFO  d.s.controllers.SecurityController - User verified: UserDTO(username=user3, password=null, roles=[user])
12:22:00.332 [JettyServerThreadPool-22] INFO  d.s.controllers.SecurityController - User verified: UserDTO(username=user3, password=null, roles=[user])
12:24:28.616 [JettyServerThreadPool-52] INFO  d.s.controllers.SecurityController - User verified: UserDTO(username=AdminSander, password=null, roles=[ADMIN])
12:24:28.621 [JettyServerThreadPool-52] INFO  d.s.controllers.SecurityController - User verified: UserDTO(username=AdminSander, password=null, roles=[ADMIN])
12:25:23.901 [JettyServerThreadPool-25] INFO  d.s.controllers.SecurityController - User verified: UserDTO(username=user4, password=null, roles=[user])
12:25:23.905 [JettyServerThreadPool-25] INFO  d.s.controllers.SecurityController - User verified: UserDTO(username=user4, password=null, roles=[user])
12:25:40.413 [JettyServerThreadPool-23] INFO  d.s.controllers.SecurityController - User verified: UserDTO(username=user4, password=null, roles=[admin, user])
12:25:40.414 [JettyServerThreadPool-23] INFO  d.s.controllers.SecurityController - User verified: UserDTO(username=user4, password=null, roles=[admin, user])
12:26:13.708 [JettyServerThreadPool-29] INFO  d.s.controllers.SecurityController - User verified: UserDTO(username=user4, password=null, roles=[admin, user])
12:26:13.711 [JettyServerThreadPool-29] INFO  d.s.controllers.SecurityController - User verified: UserDTO(username=user4, password=null, roles=[admin, user])
12:26:32.628 [JettyServerThreadPool-24] INFO  d.s.controllers.SecurityController - User verified: UserDTO(username=user4, password=null, roles=[admin, user])
12:26:32.630 [JettyServerThreadPool-24] INFO  d.s.controllers.SecurityController - User verified: UserDTO(username=user4, password=null, roles=[admin, user])
12:27:27.777 [JettyServerThreadPool-22] INFO  d.s.controllers.SecurityController - User verified: UserDTO(username=user2, password=null, roles=[user])
12:27:35.312 [JettyServerThreadPool-23] INFO  d.s.controllers.SecurityController - User verified: UserDTO(username=user2, password=null, roles=[user])
12:27:35.314 [JettyServerThreadPool-23] INFO  d.s.controllers.SecurityController - User verified: UserDTO(username=user2, password=null, roles=[user])
12:27:35.517 [JettyServerThreadPool-23] ERROR dat.controller.ExceptionController - 404 Doctors not found in list
12:29:20.502 [JettyServerThreadPool-29] INFO  d.s.controllers.SecurityController - User verified: UserDTO(username=user2, password=null, roles=[user])
12:29:20.506 [JettyServerThreadPool-29] INFO  d.s.controllers.SecurityController - User verified: UserDTO(username=user2, password=null, roles=[user])
12:29:36.081 [JettyServerThreadPool-24] INFO  d.s.controllers.SecurityController - User verified: UserDTO(username=user2, password=null, roles=[user])
12:29:36.082 [JettyServerThreadPool-24] INFO  d.s.controllers.SecurityController - User verified: UserDTO(username=user2, password=null, roles=[user])
12:30:25.155 [JettyServerThreadPool-25] INFO  d.s.controllers.SecurityController - User verified: UserDTO(username=user2, password=null, roles=[user])
12:30:38.478 [JettyServerThreadPool-22] INFO  d.s.controllers.SecurityController - User verified: UserDTO(username=user2, password=null, roles=[user])
12:30:38.480 [JettyServerThreadPool-22] INFO  d.s.controllers.SecurityController - User verified: UserDTO(username=user2, password=null, roles=[user])
12:30:57.931 [JettyServerThreadPool-27] WARN  dat.config.ApplicationConfig - An API exception occurred: Code: 400, Message: User with username: user2 already exists
12:31:08.800 [JettyServerThreadPool-29] INFO  d.s.controllers.SecurityController - User verified: UserDTO(username=user2, password=null, roles=[user])
12:31:08.802 [JettyServerThreadPool-29] INFO  d.s.controllers.SecurityController - User verified: UserDTO(username=user2, password=null, roles=[user])
12:31:16.087 [JettyServerThreadPool-25] INFO  d.s.controllers.SecurityController - User verified: UserDTO(username=user2, password=null, roles=[user])
12:31:32.399 [JettyServerThreadPool-27] INFO  d.s.controllers.SecurityController - User verified: UserDTO(username=user2, password=null, roles=[admin, user])
12:31:32.400 [JettyServerThreadPool-27] INFO  d.s.controllers.SecurityController - User verified: UserDTO(username=user2, password=null, roles=[admin, user])
